

***********************************************************************
Fatal NI connect error 12500, connecting to:
 (DESCRIPTION=(ADDRESS=(PROTOCOL=TCP)(HOST=166.26.30.84)(PORT=1521))(CONNECT_DATA=(SERVICE_NAME=nissei)(CID=(PROGRAM=C:\Program Files\Microsoft Visual Studio 8\Common7\IDE\devenv.exe)(HOST=FA-06024PNA)(USER=06024))))

  VERSION INFORMATION:
	TNS for 32-bit Windows: Version 10.2.0.1.0 - Production
	Windows NT TCP/IP NT Protocol Adapter for 32-bit Windows: Version 10.2.0.1.0 - Production
  Time: 23-2月 -2009 13:52:47
  Tracing not turned on.
  Tns error struct:
    ns main err code: 12564
    TNS-12564: TNS: 接続が拒否されました。
    ns secondary err code: 0
    nt main err code: 0
    nt secondary err code: 0
    nt OS err code: 0


***********************************************************************
Fatal NI connect error 12560, connecting to:
 (DESCRIPTION=(ADDRESS=(PROTOCOL=BEQ)(PROGRAM=oracle)(ARGV0=oracleORCL)(ARGS='(DESCRIPTION=(LOCAL=YES)(ADDRESS=(PROTOCOL=beq)))'))(CONNECT_DATA=(SID=ORCL)(CID=(PROGRAM=C:\Program Files\Microsoft Visual Studio 8\Common7\IDE\devenv.exe)(HOST=FA-06024PNA)(USER=06024))))

  VERSION INFORMATION:
	TNS for 32-bit Windows: Version 10.2.0.1.0 - Production
	Oracle Bequeath NT Protocol Adapter for 32-bit Windows: Version 10.2.0.1.0 - Production
  Time: 23-2月 -2009 13:52:47
  Tracing not turned on.
  Tns error struct:
    ns main err code: 12560
    TNS-12560: TNS: プロトコル・アダプタ・エラー
    ns secondary err code: 0
    nt main err code: 530
    TNS-00530: プロトコル・アダプタ・エラーです。
    nt secondary err code: 126
    nt OS err code: 0


***********************************************************************
Fatal NI connect error 12500, connecting to:
 (DESCRIPTION=(ADDRESS=(PROTOCOL=TCP)(HOST=166.26.30.84)(PORT=1521))(CONNECT_DATA=(SERVICE_NAME=nissei)(CID=(PROGRAM=C:\Program Files\Microsoft Visual Studio 8\Common7\IDE\devenv.exe)(HOST=FA-06024PNA)(USER=06024))))

  VERSION INFORMATION:
	TNS for 32-bit Windows: Version 10.2.0.1.0 - Production
	Windows NT TCP/IP NT Protocol Adapter for 32-bit Windows: Version 10.2.0.1.0 - Production
  Time: 23-2月 -2009 17:02:53
  Tracing not turned on.
  Tns error struct:
    ns main err code: 12564
    TNS-12564: TNS: 接続が拒否されました。
    ns secondary err code: 0
    nt main err code: 0
    nt secondary err code: 0
    nt OS err code: 0


***********************************************************************
Fatal NI connect error 12560, connecting to:
 (DESCRIPTION=(ADDRESS=(PROTOCOL=BEQ)(PROGRAM=oracle)(ARGV0=oracleORCL)(ARGS='(DESCRIPTION=(LOCAL=YES)(ADDRESS=(PROTOCOL=beq)))'))(CONNECT_DATA=(SID=ORCL)(CID=(PROGRAM=C:\Program Files\Microsoft Visual Studio 8\Common7\IDE\devenv.exe)(HOST=FA-06024PNA)(USER=06024))))

  VERSION INFORMATION:
	TNS for 32-bit Windows: Version 10.2.0.1.0 - Production
	Oracle Bequeath NT Protocol Adapter for 32-bit Windows: Version 10.2.0.1.0 - Production
  Time: 23-2月 -2009 17:02:53
  Tracing not turned on.
  Tns error struct:
    ns main err code: 12560
    TNS-12560: TNS: プロトコル・アダプタ・エラー
    ns secondary err code: 0
    nt main err code: 530
    TNS-00530: プロトコル・アダプタ・エラーです。
    nt secondary err code: 126
    nt OS err code: 0
